{"/home/leonardo/Documentos/Bootcamp/Exercícios/memepedia-badwords/database/database.js": {"path":"/home/leonardo/Documentos/Bootcamp/Exercícios/memepedia-badwords/database/database.js","statementMap":{"0":{"start":{"line":3,"column":17},"end":{"line":3,"column":19}},"1":{"start":{"line":5,"column":19},"end":{"line":11,"column":2}}},"fnMap":{},"branchMap":{},"s":{"0":1,"1":1},"f":{},"b":{},"_coverageSchema":"1a1c01bbd47fc00a2c39e90264f33305004495a9","hash":"698a338ab46a4945ac8a2c33bfea9b96b47da13c"}
,"/home/leonardo/Documentos/Bootcamp/Exercícios/memepedia-badwords/src/repository/memeRepository.js": {"path":"/home/leonardo/Documentos/Bootcamp/Exercícios/memepedia-badwords/src/repository/memeRepository.js","statementMap":{"0":{"start":{"line":5,"column":16},"end":{"line":5,"column":37}},"1":{"start":{"line":6,"column":4},"end":{"line":9,"column":5}},"2":{"start":{"line":7,"column":8},"end":{"line":7,"column":29}},"3":{"start":{"line":8,"column":8},"end":{"line":8,"column":61}},"4":{"start":{"line":11,"column":4},"end":{"line":11,"column":48}},"5":{"start":{"line":15,"column":19},"end":{"line":19,"column":7}},"6":{"start":{"line":20,"column":4},"end":{"line":20,"column":23}}},"fnMap":{"0":{"name":"listMemes","decl":{"start":{"line":3,"column":15},"end":{"line":3,"column":24}},"loc":{"start":{"line":3,"column":33},"end":{"line":12,"column":1}},"line":3},"1":{"name":"insertMeme","decl":{"start":{"line":14,"column":15},"end":{"line":14,"column":25}},"loc":{"start":{"line":14,"column":46},"end":{"line":21,"column":1}},"line":14}},"branchMap":{"0":{"loc":{"start":{"line":6,"column":4},"end":{"line":9,"column":5}},"type":"if","locations":[{"start":{"line":6,"column":4},"end":{"line":9,"column":5}},{"start":{},"end":{}}],"line":6}},"s":{"0":0,"1":0,"2":0,"3":0,"4":0,"5":0,"6":0},"f":{"0":0,"1":0},"b":{"0":[0,0]},"_coverageSchema":"1a1c01bbd47fc00a2c39e90264f33305004495a9","hash":"526850926db0cefa40cd47fd846e1d26fd9d82e4"}
,"/home/leonardo/Documentos/Bootcamp/Exercícios/memepedia-badwords/src/repository/userRepository.js": {"path":"/home/leonardo/Documentos/Bootcamp/Exercícios/memepedia-badwords/src/repository/userRepository.js","statementMap":{"0":{"start":{"line":4,"column":19},"end":{"line":11,"column":7}},"1":{"start":{"line":12,"column":4},"end":{"line":12,"column":23}}},"fnMap":{"0":{"name":"findUserByTokenSession","decl":{"start":{"line":3,"column":15},"end":{"line":3,"column":37}},"loc":{"start":{"line":3,"column":46},"end":{"line":13,"column":1}},"line":3}},"branchMap":{},"s":{"0":0,"1":0},"f":{"0":0},"b":{},"_coverageSchema":"1a1c01bbd47fc00a2c39e90264f33305004495a9","hash":"1c1cb795f8123c030ab6c6b3c4fb32a360a0a329"}
,"/home/leonardo/Documentos/Bootcamp/Exercícios/memepedia-badwords/src/services/memeService.js": {"path":"/home/leonardo/Documentos/Bootcamp/Exercícios/memepedia-badwords/src/services/memeService.js","statementMap":{"0":{"start":{"line":9,"column":4},"end":{"line":14,"column":5}},"1":{"start":{"line":10,"column":8},"end":{"line":13,"column":9}},"2":{"start":{"line":16,"column":18},"end":{"line":16,"column":55}},"3":{"start":{"line":19,"column":4},"end":{"line":24,"column":5}},"4":{"start":{"line":20,"column":8},"end":{"line":23,"column":9}},"5":{"start":{"line":25,"column":4},"end":{"line":28,"column":5}},"6":{"start":{"line":33,"column":27},"end":{"line":33,"column":39}},"7":{"start":{"line":35,"column":17},"end":{"line":35,"column":71}},"8":{"start":{"line":36,"column":4},"end":{"line":41,"column":5}},"9":{"start":{"line":37,"column":8},"end":{"line":40,"column":9}},"10":{"start":{"line":42,"column":21},"end":{"line":42,"column":47}},"11":{"start":{"line":43,"column":20},"end":{"line":43,"column":78}},"12":{"start":{"line":44,"column":4},"end":{"line":47,"column":5}}},"fnMap":{"0":{"name":"listMemes","decl":{"start":{"line":6,"column":15},"end":{"line":6,"column":24}},"loc":{"start":{"line":6,"column":33},"end":{"line":29,"column":1}},"line":6},"1":{"name":"insertMeme","decl":{"start":{"line":31,"column":15},"end":{"line":31,"column":25}},"loc":{"start":{"line":31,"column":49},"end":{"line":48,"column":1}},"line":31}},"branchMap":{"0":{"loc":{"start":{"line":9,"column":4},"end":{"line":14,"column":5}},"type":"if","locations":[{"start":{"line":9,"column":4},"end":{"line":14,"column":5}},{"start":{},"end":{}}],"line":9},"1":{"loc":{"start":{"line":19,"column":4},"end":{"line":24,"column":5}},"type":"if","locations":[{"start":{"line":19,"column":4},"end":{"line":24,"column":5}},{"start":{},"end":{}}],"line":19},"2":{"loc":{"start":{"line":36,"column":4},"end":{"line":41,"column":5}},"type":"if","locations":[{"start":{"line":36,"column":4},"end":{"line":41,"column":5}},{"start":{},"end":{}}],"line":36}},"s":{"0":5,"1":2,"2":3,"3":3,"4":2,"5":1,"6":2,"7":2,"8":2,"9":1,"10":1,"11":1,"12":1},"f":{"0":5,"1":2},"b":{"0":[2,3],"1":[2,1],"2":[1,1]},"_coverageSchema":"1a1c01bbd47fc00a2c39e90264f33305004495a9","hash":"7874b21a01ca9a3920b38186208d76715f9dc6c4"}
}
