TN:
SF:database/database.js
FNF:0
FNH:0
DA:3,1
DA:5,1
LF:2
LH:2
BRF:0
BRH:0
end_of_record
TN:
SF:src/repository/memeRepository.js
FN:3,listMemes
FN:14,insertMeme
FNF:2
FNH:0
FNDA:0,listMemes
FNDA:0,insertMeme
DA:5,0
DA:6,0
DA:7,0
DA:8,0
DA:11,0
DA:15,0
DA:20,0
LF:7
LH:0
BRDA:6,0,0,0
BRDA:6,0,1,0
BRF:2
BRH:0
end_of_record
TN:
SF:src/repository/userRepository.js
FN:3,findUserByTokenSession
FNF:1
FNH:0
FNDA:0,findUserByTokenSession
DA:4,0
DA:12,0
LF:2
LH:0
BRF:0
BRH:0
end_of_record
TN:
SF:src/services/memeService.js
FN:6,listMemes
FN:31,insertMeme
FNF:2
FNH:2
FNDA:5,listMemes
FNDA:2,insertMeme
DA:9,5
DA:10,2
DA:16,3
DA:19,3
DA:20,2
DA:25,1
DA:33,2
DA:35,2
DA:36,2
DA:37,1
DA:42,1
DA:43,1
DA:44,1
LF:13
LH:13
BRDA:9,0,0,2
BRDA:9,0,1,3
BRDA:19,1,0,2
BRDA:19,1,1,1
BRDA:36,2,0,1
BRDA:36,2,1,1
BRF:6
BRH:6
end_of_record
